Solution Nr.1
['N', 'N', 'N', 'N']
['N', 'N', 'N', 'N']
['E', '3', '2', '1']
['X', '5', '4', 'X']
['X', 'X', 'X', 'X']
------------------------------------------------------------------------------------------------------------------------------------------------------------------------------------
Solution Nr.2
['N', 'N', 'N', 'N']
['N', 'N', 'N', 'N']
['E', '2', '3', '1']
['X', '5', '4', 'X']
['X', 'X', 'X', 'X']
------------------------------------------------------------------------------------------------------------------------------------------------------------------------------------
Solution Nr.3
['N', 'N', 'N', 'N']
['N', 'N', 'N', 'N']
['1', '3', '2', 'E']
['X', '5', '4', 'X']
['X', 'X', 'X', 'X']
------------------------------------------------------------------------------------------------------------------------------------------------------------------------------------
Solution Nr.4
['N', 'N', 'N', 'N']
['N', 'N', 'N', 'N']
['1', '2', '3', 'E']
['X', '5', '4', 'X']
['X', 'X', 'X', 'X']
------------------------------------------------------------------------------------------------------------------------------------------------------------------------------------
Solution Nr.5
['N', 'N', 'N', 'N']
['N', 'N', 'N', 'N']
['2', '3', '1', 'E']
['X', '5', '4', 'X']
['X', 'X', 'X', 'X']
------------------------------------------------------------------------------------------------------------------------------------------------------------------------------------
Solution Nr.6
['N', 'N', 'N', 'N']
['N', 'N', 'N', 'N']
['E', '3', '1', '2']
['X', '5', '4', 'X']
['X', 'X', 'X', 'X']
------------------------------------------------------------------------------------------------------------------------------------------------------------------------------------
Solution Nr.7
['N', 'N', 'N', 'N']
['N', 'N', '3', 'N']
['E', '2', '1', 'E']
['X', '5', '4', 'X']
['X', 'X', 'X', 'X']
------------------------------------------------------------------------------------------------------------------------------------------------------------------------------------
Solution Nr.8
['N', 'N', 'N', 'N']
['N', '3', 'N', 'N']
['E', '2', '1', 'E']
['X', '5', '4', 'X']
['X', 'X', 'X', 'X']
------------------------------------------------------------------------------------------------------------------------------------------------------------------------------------
Solution Nr.9
['N', 'N', 'N', 'N']
['N', 'N', 'N', 'N']
['3', '2', '1', 'E']
['X', '5', '4', 'X']
['X', 'X', 'X', 'X']
------------------------------------------------------------------------------------------------------------------------------------------------------------------------------------
Solution Nr.10
['N', 'N', 'N', 'N']
['N', 'N', 'N', 'N']
['E', '2', '1', '3']
['X', '5', '4', 'X']
['X', 'X', 'X', 'X']
------------------------------------------------------------------------------------------------------------------------------------------------------------------------------------
Solution Nr.11
['N', 'N', 'N', 'N']
['N', 'N', '2', 'N']
['E', '3', '1', 'E']
['X', '5', '4', 'X']
['X', 'X', 'X', 'X']
------------------------------------------------------------------------------------------------------------------------------------------------------------------------------------
Solution Nr.12
['N', 'N', 'N', 'N']
['N', '2', 'N', 'N']
['E', '3', '1', 'E']
['X', '5', '4', 'X']
['X', 'X', 'X', 'X']
------------------------------------------------------------------------------------------------------------------------------------------------------------------------------------
Solution Nr.13
['N', 'N', 'N', 'N']
['N', 'N', 'N', 'N']
['3', '1', '2', 'E']
['X', '5', '4', 'X']
['X', 'X', 'X', 'X']
------------------------------------------------------------------------------------------------------------------------------------------------------------------------------------
Solution Nr.14
['N', 'N', 'N', 'N']
['N', 'N', 'N', 'N']
['E', '1', '2', '3']
['X', '5', '4', 'X']
['X', 'X', 'X', 'X']
------------------------------------------------------------------------------------------------------------------------------------------------------------------------------------
Solution Nr.15
['N', 'N', 'N', 'N']
['N', 'N', '3', 'N']
['E', '1', '2', 'E']
['X', '5', '4', 'X']
['X', 'X', 'X', 'X']
------------------------------------------------------------------------------------------------------------------------------------------------------------------------------------
Solution Nr.16
['N', 'N', 'N', 'N']
['N', '3', 'N', 'N']
['E', '1', '2', 'E']
['X', '5', '4', 'X']
['X', 'X', 'X', 'X']
------------------------------------------------------------------------------------------------------------------------------------------------------------------------------------
Solution Nr.17
['N', 'N', 'N', 'N']
['N', 'N', 'N', 'N']
['2', '1', '3', 'E']
['X', '5', '4', 'X']
['X', 'X', 'X', 'X']
------------------------------------------------------------------------------------------------------------------------------------------------------------------------------------
Solution Nr.18
['N', 'N', 'N', 'N']
['N', 'N', 'N', 'N']
['E', '1', '3', '2']
['X', '5', '4', 'X']
['X', 'X', 'X', 'X']
------------------------------------------------------------------------------------------------------------------------------------------------------------------------------------
Solution Nr.19
['N', 'N', 'N', 'N']
['N', 'N', '2', 'N']
['E', '1', '3', 'E']
['X', '5', '4', 'X']
['X', 'X', 'X', 'X']
------------------------------------------------------------------------------------------------------------------------------------------------------------------------------------
Solution Nr.20
['N', 'N', 'N', 'N']
['N', '2', 'N', 'N']
['E', '1', '3', 'E']
['X', '5', '4', 'X']
['X', 'X', 'X', 'X']
------------------------------------------------------------------------------------------------------------------------------------------------------------------------------------
Solution Nr.21
['N', 'N', 'N', 'N']
['N', 'N', '1', 'N']
['E', '2', '3', 'E']
['X', '5', '4', 'X']
['X', 'X', 'X', 'X']
------------------------------------------------------------------------------------------------------------------------------------------------------------------------------------
Solution Nr.22
['N', 'N', 'N', 'N']
['N', 'N', '1', 'N']
['E', '3', '2', 'E']
['X', '5', '4', 'X']
['X', 'X', 'X', 'X']
------------------------------------------------------------------------------------------------------------------------------------------------------------------------------------
Solution Nr.23
['N', 'N', 'N', 'N']
['N', '1', 'N', 'N']
['E', '2', '3', 'E']
['X', '5', '4', 'X']
['X', 'X', 'X', 'X']
------------------------------------------------------------------------------------------------------------------------------------------------------------------------------------
Solution Nr.24
['N', 'N', 'N', 'N']
['N', '1', 'N', 'N']
['E', '3', '2', 'E']
['X', '5', '4', 'X']
['X', 'X', 'X', 'X']
------------------------------------------------------------------------------------------------------------------------------------------------------------------------------------
Solution Nr.25
['N', 'N', 'N', 'N']
['N', 'N', 'N', 'N']
['E', '2', '3', '5']
['X', '1', '4', 'X']
['X', 'X', 'X', 'X']
------------------------------------------------------------------------------------------------------------------------------------------------------------------------------------
Solution Nr.26
['N', 'N', 'N', 'N']
['N', 'N', 'N', 'N']
['E', '3', '2', '5']
['X', '1', '4', 'X']
['X', 'X', 'X', 'X']
------------------------------------------------------------------------------------------------------------------------------------------------------------------------------------
Solution Nr.27
['N', 'N', 'N', 'N']
['N', 'N', 'N', 'N']
['E', '3', '1', '5']
['X', '2', '4', 'X']
['X', 'X', 'X', 'X']
------------------------------------------------------------------------------------------------------------------------------------------------------------------------------------
Solution Nr.28
['N', 'N', 'N', 'N']
['N', 'N', '2', '3']
['E', 'N', '1', '5']
['X', 'E', '4', 'X']
['X', 'X', 'X', 'X']
------------------------------------------------------------------------------------------------------------------------------------------------------------------------------------
Solution Nr.29
['N', 'N', 'N', 'N']
['N', 'N', '3', '2']
['E', 'N', '1', '5']
['X', 'E', '4', 'X']
['X', 'X', 'X', 'X']
------------------------------------------------------------------------------------------------------------------------------------------------------------------------------------
Solution Nr.30
['N', 'N', 'N', 'N']
['N', 'N', 'N', 'N']
['E', '2', '1', '5']
['X', '3', '4', 'X']
['X', 'X', 'X', 'X']
------------------------------------------------------------------------------------------------------------------------------------------------------------------------------------
Solution Nr.31
['N', 'N', 'N', 'N']
['N', 'N', 'N', 'N']
['E', '1', '2', '5']
['X', '3', '4', 'X']
['X', 'X', 'X', 'X']
------------------------------------------------------------------------------------------------------------------------------------------------------------------------------------
Solution Nr.32
['N', 'N', 'N', 'N']
['N', 'N', 'N', 'N']
['E', '1', '3', '5']
['X', '2', '4', 'X']
['X', 'X', 'X', 'X']
------------------------------------------------------------------------------------------------------------------------------------------------------------------------------------
Solution Nr.33
['N', 'N', 'N', 'N']
['N', 'N', '3', '1']
['E', 'N', '2', '5']
['X', 'E', '4', 'X']
['X', 'X', 'X', 'X']
------------------------------------------------------------------------------------------------------------------------------------------------------------------------------------
Solution Nr.34
['N', 'N', 'N', 'N']
['N', 'N', '2', '1']
['E', 'N', '3', '5']
['X', 'E', '4', 'X']
['X', 'X', 'X', 'X']
------------------------------------------------------------------------------------------------------------------------------------------------------------------------------------
Solution Nr.35
['N', 'N', 'N', 'N']
['N', 'N', '1', '2']
['E', 'N', '3', '5']
['X', 'E', '4', 'X']
['X', 'X', 'X', 'X']
------------------------------------------------------------------------------------------------------------------------------------------------------------------------------------
Solution Nr.36
['N', 'N', 'N', 'N']
['N', 'N', '1', '3']
['E', 'N', '2', '5']
['X', 'E', '4', 'X']
['X', 'X', 'X', 'X']
------------------------------------------------------------------------------------------------------------------------------------------------------------------------------------
Solution Nr.37
['N', 'N', 'N', 'N']
['N', 'N', 'N', 'N']
['5', '2', '3', 'E']
['X', '1', '4', 'X']
['X', 'X', 'X', 'X']
------------------------------------------------------------------------------------------------------------------------------------------------------------------------------------
Solution Nr.38
['N', 'N', 'N', 'N']
['N', 'N', 'N', 'N']
['5', '3', '2', 'E']
['X', '1', '4', 'X']
['X', 'X', 'X', 'X']
------------------------------------------------------------------------------------------------------------------------------------------------------------------------------------
Solution Nr.39
['N', 'N', 'N', 'N']
['N', 'N', 'N', 'N']
['5', '3', '1', 'E']
['X', '2', '4', 'X']
['X', 'X', 'X', 'X']
------------------------------------------------------------------------------------------------------------------------------------------------------------------------------------
Solution Nr.40
['N', 'N', 'N', 'N']
['N', 'N', 'N', 'N']
['5', '2', '1', 'E']
['X', '3', '4', 'X']
['X', 'X', 'X', 'X']
------------------------------------------------------------------------------------------------------------------------------------------------------------------------------------
Solution Nr.41
['N', 'N', 'N', 'N']
['N', 'N', 'N', 'N']
['5', '1', '2', 'E']
['X', '3', '4', 'X']
['X', 'X', 'X', 'X']
------------------------------------------------------------------------------------------------------------------------------------------------------------------------------------
Solution Nr.42
['N', 'N', 'N', 'N']
['N', 'N', 'N', 'N']
['5', '1', '3', 'E']
['X', '2', '4', 'X']
['X', 'X', 'X', 'X']
------------------------------------------------------------------------------------------------------------------------------------------------------------------------------------
Solution Nr.43
['N', 'N', 'N', 'N']
['N', 'N', 'N', 'N']
['1', '2', '3', 'E']
['X', '4', '5', 'X']
['X', 'X', 'X', 'X']
------------------------------------------------------------------------------------------------------------------------------------------------------------------------------------
Solution Nr.44
['N', 'N', 'N', 'N']
['N', 'N', 'N', 'N']
['1', '3', '2', 'E']
['X', '4', '5', 'X']
['X', 'X', 'X', 'X']
------------------------------------------------------------------------------------------------------------------------------------------------------------------------------------
Solution Nr.45
['N', 'N', 'N', 'N']
['N', 'N', 'N', 'N']
['E', '2', '3', '1']
['X', '4', '5', 'X']
['X', 'X', 'X', 'X']
------------------------------------------------------------------------------------------------------------------------------------------------------------------------------------
Solution Nr.46
['N', 'N', 'N', 'N']
['N', 'N', 'N', 'N']
['E', '3', '2', '1']
['X', '4', '5', 'X']
['X', 'X', 'X', 'X']
------------------------------------------------------------------------------------------------------------------------------------------------------------------------------------
Solution Nr.47
['N', 'N', 'N', 'N']
['N', 'N', 'N', 'N']
['E', '3', '1', '2']
['X', '4', '5', 'X']
['X', 'X', 'X', 'X']
------------------------------------------------------------------------------------------------------------------------------------------------------------------------------------
Solution Nr.48
['N', 'N', 'N', 'N']
['N', 'N', 'N', 'N']
['2', '3', '1', 'E']
['X', '4', '5', 'X']
['X', 'X', 'X', 'X']
------------------------------------------------------------------------------------------------------------------------------------------------------------------------------------
Solution Nr.49
['N', 'N', 'N', 'N']
['N', '2', 'N', 'N']
['E', '3', '1', 'E']
['X', '4', '5', 'X']
['X', 'X', 'X', 'X']
------------------------------------------------------------------------------------------------------------------------------------------------------------------------------------
Solution Nr.50
['N', 'N', 'N', 'N']
['N', 'N', '2', 'N']
['E', '3', '1', 'E']
['X', '4', '5', 'X']
['X', 'X', 'X', 'X']
------------------------------------------------------------------------------------------------------------------------------------------------------------------------------------
Solution Nr.51
['N', 'N', 'N', 'N']
['N', 'N', 'N', 'N']
['E', '2', '1', '3']
['X', '4', '5', 'X']
['X', 'X', 'X', 'X']
------------------------------------------------------------------------------------------------------------------------------------------------------------------------------------
Solution Nr.52
['N', 'N', 'N', 'N']
['N', 'N', 'N', 'N']
['3', '2', '1', 'E']
['X', '4', '5', 'X']
['X', 'X', 'X', 'X']
------------------------------------------------------------------------------------------------------------------------------------------------------------------------------------
Solution Nr.53
['N', 'N', 'N', 'N']
['N', '3', 'N', 'N']
['E', '2', '1', 'E']
['X', '4', '5', 'X']
['X', 'X', 'X', 'X']
------------------------------------------------------------------------------------------------------------------------------------------------------------------------------------
Solution Nr.54
['N', 'N', 'N', 'N']
['N', 'N', '3', 'N']
['E', '2', '1', 'E']
['X', '4', '5', 'X']
['X', 'X', 'X', 'X']
------------------------------------------------------------------------------------------------------------------------------------------------------------------------------------
Solution Nr.55
['N', 'N', 'N', 'N']
['N', 'N', 'N', 'N']
['E', '1', '2', '3']
['X', '4', '5', 'X']
['X', 'X', 'X', 'X']
------------------------------------------------------------------------------------------------------------------------------------------------------------------------------------
Solution Nr.56
['N', 'N', 'N', 'N']
['N', 'N', 'N', 'N']
['3', '1', '2', 'E']
['X', '4', '5', 'X']
['X', 'X', 'X', 'X']
------------------------------------------------------------------------------------------------------------------------------------------------------------------------------------
Solution Nr.57
['N', 'N', 'N', 'N']
['N', '3', 'N', 'N']
['E', '1', '2', 'E']
['X', '4', '5', 'X']
['X', 'X', 'X', 'X']
------------------------------------------------------------------------------------------------------------------------------------------------------------------------------------
Solution Nr.58
['N', 'N', 'N', 'N']
['N', 'N', '3', 'N']
['E', '1', '2', 'E']
['X', '4', '5', 'X']
['X', 'X', 'X', 'X']
------------------------------------------------------------------------------------------------------------------------------------------------------------------------------------
Solution Nr.59
['N', 'N', 'N', 'N']
['N', 'N', 'N', 'N']
['E', '1', '3', '2']
['X', '4', '5', 'X']
['X', 'X', 'X', 'X']
------------------------------------------------------------------------------------------------------------------------------------------------------------------------------------
Solution Nr.60
['N', 'N', 'N', 'N']
['N', 'N', 'N', 'N']
['2', '1', '3', 'E']
['X', '4', '5', 'X']
['X', 'X', 'X', 'X']
------------------------------------------------------------------------------------------------------------------------------------------------------------------------------------
Solution Nr.61
['N', 'N', 'N', 'N']
['N', '2', 'N', 'N']
['E', '1', '3', 'E']
['X', '4', '5', 'X']
['X', 'X', 'X', 'X']
------------------------------------------------------------------------------------------------------------------------------------------------------------------------------------
Solution Nr.62
['N', 'N', 'N', 'N']
['N', 'N', '2', 'N']
['E', '1', '3', 'E']
['X', '4', '5', 'X']
['X', 'X', 'X', 'X']
------------------------------------------------------------------------------------------------------------------------------------------------------------------------------------
Solution Nr.63
['N', 'N', 'N', 'N']
['N', 'N', '1', 'N']
['E', '2', '3', 'E']
['X', '4', '5', 'X']
['X', 'X', 'X', 'X']
------------------------------------------------------------------------------------------------------------------------------------------------------------------------------------
Solution Nr.64
['N', 'N', 'N', 'N']
['N', 'N', '1', 'N']
['E', '3', '2', 'E']
['X', '4', '5', 'X']
['X', 'X', 'X', 'X']
------------------------------------------------------------------------------------------------------------------------------------------------------------------------------------
Solution Nr.65
['N', 'N', 'N', 'N']
['N', '1', 'N', 'N']
['E', '2', '3', 'E']
['X', '4', '5', 'X']
['X', 'X', 'X', 'X']
------------------------------------------------------------------------------------------------------------------------------------------------------------------------------------
Solution Nr.66
['N', 'N', 'N', 'N']
['N', '1', 'N', 'N']
['E', '3', '2', 'E']
['X', '4', '5', 'X']
['X', 'X', 'X', 'X']
------------------------------------------------------------------------------------------------------------------------------------------------------------------------------------
Solution Nr.67
['N', 'N', 'N', 'N']
['N', 'N', 'N', 'N']
['E', '2', '3', '5']
['X', '4', '1', 'X']
['X', 'X', 'X', 'X']
------------------------------------------------------------------------------------------------------------------------------------------------------------------------------------
Solution Nr.68
['N', 'N', 'N', 'N']
['N', 'N', 'N', 'N']
['E', '3', '2', '5']
['X', '4', '1', 'X']
['X', 'X', 'X', 'X']
------------------------------------------------------------------------------------------------------------------------------------------------------------------------------------
Solution Nr.69
['N', 'N', 'N', 'N']
['N', 'N', 'N', 'N']
['E', '3', '1', '5']
['X', '4', '2', 'X']
['X', 'X', 'X', 'X']
------------------------------------------------------------------------------------------------------------------------------------------------------------------------------------
Solution Nr.70
['N', 'N', 'N', 'N']
['N', 'N', 'N', 'N']
['E', '2', '1', '5']
['X', '4', '3', 'X']
['X', 'X', 'X', 'X']
------------------------------------------------------------------------------------------------------------------------------------------------------------------------------------
Solution Nr.71
['N', 'N', 'N', 'N']
['N', 'N', 'N', 'N']
['E', '1', '2', '5']
['X', '4', '3', 'X']
['X', 'X', 'X', 'X']
------------------------------------------------------------------------------------------------------------------------------------------------------------------------------------
Solution Nr.72
['N', 'N', 'N', 'N']
['N', 'N', 'N', 'N']
['E', '1', '3', '5']
['X', '4', '2', 'X']
['X', 'X', 'X', 'X']
------------------------------------------------------------------------------------------------------------------------------------------------------------------------------------
Solution Nr.73
['N', 'N', 'N', 'N']
['N', 'N', 'N', 'N']
['5', '2', '3', 'E']
['X', '4', '1', 'X']
['X', 'X', 'X', 'X']
------------------------------------------------------------------------------------------------------------------------------------------------------------------------------------
Solution Nr.74
['N', 'N', 'N', 'N']
['N', 'N', 'N', 'N']
['5', '3', '2', 'E']
['X', '4', '1', 'X']
['X', 'X', 'X', 'X']
------------------------------------------------------------------------------------------------------------------------------------------------------------------------------------
Solution Nr.75
['N', 'N', 'N', 'N']
['N', 'N', 'N', 'N']
['5', '3', '1', 'E']
['X', '4', '2', 'X']
['X', 'X', 'X', 'X']
------------------------------------------------------------------------------------------------------------------------------------------------------------------------------------
Solution Nr.76
['N', 'N', 'N', 'N']
['N', 'N', 'N', 'N']
['5', '2', '1', 'E']
['X', '4', '3', 'X']
['X', 'X', 'X', 'X']
------------------------------------------------------------------------------------------------------------------------------------------------------------------------------------
Solution Nr.77
['N', 'N', 'N', 'N']
['N', 'N', 'N', 'N']
['5', '1', '2', 'E']
['X', '4', '3', 'X']
['X', 'X', 'X', 'X']
------------------------------------------------------------------------------------------------------------------------------------------------------------------------------------
Solution Nr.78
['N', 'N', 'N', 'N']
['N', 'N', 'N', 'N']
['5', '1', '3', 'E']
['X', '4', '2', 'X']
['X', 'X', 'X', 'X']
------------------------------------------------------------------------------------------------------------------------------------------------------------------------------------
Solution Nr.79
['N', 'N', 'N', 'N']
['2', '3', 'N', 'N']
['5', '1', 'N', 'E']
['X', '4', 'E', 'X']
['X', 'X', 'X', 'X']
------------------------------------------------------------------------------------------------------------------------------------------------------------------------------------
Solution Nr.80
['N', 'N', 'N', 'N']
['3', '2', 'N', 'N']
['5', '1', 'N', 'E']
['X', '4', 'E', 'X']
['X', 'X', 'X', 'X']
------------------------------------------------------------------------------------------------------------------------------------------------------------------------------------
Solution Nr.81
['N', 'N', 'N', 'N']
['3', '1', 'N', 'N']
['5', '2', 'N', 'E']
['X', '4', 'E', 'X']
['X', 'X', 'X', 'X']
------------------------------------------------------------------------------------------------------------------------------------------------------------------------------------
Solution Nr.82
['N', 'N', 'N', 'N']
['2', '1', 'N', 'N']
['5', '3', 'N', 'E']
['X', '4', 'E', 'X']
['X', 'X', 'X', 'X']
------------------------------------------------------------------------------------------------------------------------------------------------------------------------------------
Solution Nr.83
['N', 'N', 'N', 'N']
['1', '2', 'N', 'N']
['5', '3', 'N', 'E']
['X', '4', 'E', 'X']
['X', 'X', 'X', 'X']
------------------------------------------------------------------------------------------------------------------------------------------------------------------------------------
Solution Nr.84
['N', 'N', 'N', 'N']
['1', '3', 'N', 'N']
['5', '2', 'N', 'E']
['X', '4', 'E', 'X']
['X', 'X', 'X', 'X']
------------------------------------------------------------------------------------------------------------------------------------------------------------------------------------
Solution Nr.85
['N', 'N', 'N', 'N']
['N', 'N', 'N', 'N']
['E', '2', '3', '4']
['X', '5', '1', 'X']
['X', 'X', 'X', 'X']
------------------------------------------------------------------------------------------------------------------------------------------------------------------------------------
Solution Nr.86
['N', 'N', 'N', 'N']
['N', 'N', 'N', 'N']
['E', '3', '2', '4']
['X', '5', '1', 'X']
['X', 'X', 'X', 'X']
------------------------------------------------------------------------------------------------------------------------------------------------------------------------------------
Solution Nr.87
['N', 'N', 'N', 'N']
['N', 'N', 'N', 'N']
['E', '3', '1', '4']
['X', '5', '2', 'X']
['X', 'X', 'X', 'X']
------------------------------------------------------------------------------------------------------------------------------------------------------------------------------------
Solution Nr.88
['N', 'N', 'N', 'N']
['N', 'N', 'N', 'N']
['E', '2', '1', '4']
['X', '5', '3', 'X']
['X', 'X', 'X', 'X']
------------------------------------------------------------------------------------------------------------------------------------------------------------------------------------
Solution Nr.89
['N', 'N', 'N', 'N']
['N', 'N', 'N', 'N']
['E', '1', '2', '4']
['X', '5', '3', 'X']
['X', 'X', 'X', 'X']
------------------------------------------------------------------------------------------------------------------------------------------------------------------------------------
Solution Nr.90
['N', 'N', 'N', 'N']
['N', 'N', 'N', 'N']
['E', '1', '3', '4']
['X', '5', '2', 'X']
['X', 'X', 'X', 'X']
------------------------------------------------------------------------------------------------------------------------------------------------------------------------------------
Solution Nr.91
['N', 'N', 'N', 'N']
['N', 'N', 'N', 'N']
['E', '2', '3', '4']
['X', '1', '5', 'X']
['X', 'X', 'X', 'X']
------------------------------------------------------------------------------------------------------------------------------------------------------------------------------------
Solution Nr.92
['N', 'N', 'N', 'N']
['N', 'N', 'N', 'N']
['E', '3', '2', '4']
['X', '1', '5', 'X']
['X', 'X', 'X', 'X']
------------------------------------------------------------------------------------------------------------------------------------------------------------------------------------
Solution Nr.93
['N', 'N', 'N', 'N']
['N', 'N', 'N', 'N']
['E', '3', '1', '4']
['X', '2', '5', 'X']
['X', 'X', 'X', 'X']
------------------------------------------------------------------------------------------------------------------------------------------------------------------------------------
Solution Nr.94
['N', 'N', 'N', 'N']
['N', 'N', '2', '3']
['E', 'N', '1', '4']
['X', 'E', '5', 'X']
['X', 'X', 'X', 'X']
------------------------------------------------------------------------------------------------------------------------------------------------------------------------------------
Solution Nr.95
['N', 'N', 'N', 'N']
['N', 'N', '3', '2']
['E', 'N', '1', '4']
['X', 'E', '5', 'X']
['X', 'X', 'X', 'X']
------------------------------------------------------------------------------------------------------------------------------------------------------------------------------------
Solution Nr.96
['N', 'N', 'N', 'N']
['N', 'N', 'N', 'N']
['E', '2', '1', '4']
['X', '3', '5', 'X']
['X', 'X', 'X', 'X']
------------------------------------------------------------------------------------------------------------------------------------------------------------------------------------
Solution Nr.97
['N', 'N', 'N', 'N']
['N', 'N', 'N', 'N']
['E', '1', '2', '4']
['X', '3', '5', 'X']
['X', 'X', 'X', 'X']
------------------------------------------------------------------------------------------------------------------------------------------------------------------------------------
Solution Nr.98
['N', 'N', 'N', 'N']
['N', 'N', 'N', 'N']
['E', '1', '3', '4']
['X', '2', '5', 'X']
['X', 'X', 'X', 'X']
------------------------------------------------------------------------------------------------------------------------------------------------------------------------------------
Solution Nr.99
['N', 'N', 'N', 'N']
['N', 'N', '3', '1']
['E', 'N', '2', '4']
['X', 'E', '5', 'X']
['X', 'X', 'X', 'X']
------------------------------------------------------------------------------------------------------------------------------------------------------------------------------------
Solution Nr.100
['N', 'N', 'N', 'N']
['N', 'N', '2', '1']
['E', 'N', '3', '4']
['X', 'E', '5', 'X']
['X', 'X', 'X', 'X']
------------------------------------------------------------------------------------------------------------------------------------------------------------------------------------
Solution Nr.101
['N', 'N', 'N', 'N']
['N', 'N', '1', '2']
['E', 'N', '3', '4']
['X', 'E', '5', 'X']
['X', 'X', 'X', 'X']
------------------------------------------------------------------------------------------------------------------------------------------------------------------------------------
Solution Nr.102
['N', 'N', 'N', 'N']
['N', 'N', '1', '3']
['E', 'N', '2', '4']
['X', 'E', '5', 'X']
['X', 'X', 'X', 'X']
------------------------------------------------------------------------------------------------------------------------------------------------------------------------------------
Solution Nr.103
['N', 'N', 'N', 'N']
['N', 'N', 'N', 'N']
['4', '2', '3', 'E']
['X', '5', '1', 'X']
['X', 'X', 'X', 'X']
------------------------------------------------------------------------------------------------------------------------------------------------------------------------------------
Solution Nr.104
['N', 'N', 'N', 'N']
['N', 'N', 'N', 'N']
['4', '3', '2', 'E']
['X', '5', '1', 'X']
['X', 'X', 'X', 'X']
------------------------------------------------------------------------------------------------------------------------------------------------------------------------------------
Solution Nr.105
['N', 'N', 'N', 'N']
['N', 'N', 'N', 'N']
['4', '3', '1', 'E']
['X', '5', '2', 'X']
['X', 'X', 'X', 'X']
------------------------------------------------------------------------------------------------------------------------------------------------------------------------------------
Solution Nr.106
['N', 'N', 'N', 'N']
['N', 'N', 'N', 'N']
['4', '2', '1', 'E']
['X', '5', '3', 'X']
['X', 'X', 'X', 'X']
------------------------------------------------------------------------------------------------------------------------------------------------------------------------------------
Solution Nr.107
['N', 'N', 'N', 'N']
['N', 'N', 'N', 'N']
['4', '1', '2', 'E']
['X', '5', '3', 'X']
['X', 'X', 'X', 'X']
------------------------------------------------------------------------------------------------------------------------------------------------------------------------------------
Solution Nr.108
['N', 'N', 'N', 'N']
['N', 'N', 'N', 'N']
['4', '1', '3', 'E']
['X', '5', '2', 'X']
['X', 'X', 'X', 'X']
------------------------------------------------------------------------------------------------------------------------------------------------------------------------------------
Solution Nr.109
['N', 'N', 'N', 'N']
['2', '3', 'N', 'N']
['4', '1', 'N', 'E']
['X', '5', 'E', 'X']
['X', 'X', 'X', 'X']
------------------------------------------------------------------------------------------------------------------------------------------------------------------------------------
Solution Nr.110
['N', 'N', 'N', 'N']
['3', '2', 'N', 'N']
['4', '1', 'N', 'E']
['X', '5', 'E', 'X']
['X', 'X', 'X', 'X']
------------------------------------------------------------------------------------------------------------------------------------------------------------------------------------
Solution Nr.111
['N', 'N', 'N', 'N']
['3', '1', 'N', 'N']
['4', '2', 'N', 'E']
['X', '5', 'E', 'X']
['X', 'X', 'X', 'X']
------------------------------------------------------------------------------------------------------------------------------------------------------------------------------------
Solution Nr.112
['N', 'N', 'N', 'N']
['2', '1', 'N', 'N']
['4', '3', 'N', 'E']
['X', '5', 'E', 'X']
['X', 'X', 'X', 'X']
------------------------------------------------------------------------------------------------------------------------------------------------------------------------------------
Solution Nr.113
['N', 'N', 'N', 'N']
['1', '2', 'N', 'N']
['4', '3', 'N', 'E']
['X', '5', 'E', 'X']
['X', 'X', 'X', 'X']
------------------------------------------------------------------------------------------------------------------------------------------------------------------------------------
Solution Nr.114
['N', 'N', 'N', 'N']
['1', '3', 'N', 'N']
['4', '2', 'N', 'E']
['X', '5', 'E', 'X']
['X', 'X', 'X', 'X']
------------------------------------------------------------------------------------------------------------------------------------------------------------------------------------
Solution Nr.115
['N', 'N', 'N', 'N']
['N', 'N', 'N', 'N']
['4', '2', '3', 'E']
['X', '1', '5', 'X']
['X', 'X', 'X', 'X']
------------------------------------------------------------------------------------------------------------------------------------------------------------------------------------
Solution Nr.116
['N', 'N', 'N', 'N']
['N', 'N', 'N', 'N']
['4', '3', '2', 'E']
['X', '1', '5', 'X']
['X', 'X', 'X', 'X']
------------------------------------------------------------------------------------------------------------------------------------------------------------------------------------
Solution Nr.117
['N', 'N', 'N', 'N']
['N', 'N', 'N', 'N']
['4', '3', '1', 'E']
['X', '2', '5', 'X']
['X', 'X', 'X', 'X']
------------------------------------------------------------------------------------------------------------------------------------------------------------------------------------
Solution Nr.118
['N', 'N', 'N', 'N']
['N', 'N', 'N', 'N']
['4', '2', '1', 'E']
['X', '3', '5', 'X']
['X', 'X', 'X', 'X']
------------------------------------------------------------------------------------------------------------------------------------------------------------------------------------
Solution Nr.119
['N', 'N', 'N', 'N']
['N', 'N', 'N', 'N']
['4', '1', '2', 'E']
['X', '3', '5', 'X']
['X', 'X', 'X', 'X']
------------------------------------------------------------------------------------------------------------------------------------------------------------------------------------
Solution Nr.120
['N', 'N', 'N', 'N']
['N', 'N', 'N', 'N']
['4', '1', '3', 'E']
['X', '2', '5', 'X']
['X', 'X', 'X', 'X']
------------------------------------------------------------------------------------------------------------------------------------------------------------------------------------
