Start
CargarContainer-1S1-EnPos-10
CargarContainer-2S1-EnPos-00
CargarContainer-3S1-EnPos-31
CargarContainer-4S1-EnPos-21
CargarContainer-5S1-EnPos-11
CargarContainer-6S1-EnPos-01
CargarContainer-7S1-EnPos-32
CargarContainer-8S1-EnPos-22
CargarContainer-9S1-EnPos-12
CargarContainer-10S1-EnPos-02
CargarContainer-11S1-EnPos-33
CargarContainer-12R1-EnPos-04
CargarContainer-13R2-EnPos-07
CargarContainer-14R2-EnPos-08
CargarContainer-15R2-EnPos-14
CargarContainer-16R2-EnPos-17
NavegarA-1
DescargarContainer-1S1
DescargarContainer-2S1
DescargarContainer-3S1
DescargarContainer-4S1
DescargarContainer-5S1
DescargarContainer-6S1
DescargarContainer-7S1
DescargarContainer-8S1
DescargarContainer-9S1
DescargarContainer-10S1
DescargarContainer-11S1
DescargarContainer-12R1
NavegarA-2
DescargarContainer-13R2
DescargarContainer-14R2
DescargarContainer-15R2
DescargarContainer-16R2
